<?xml version="1.0" encoding="UTF-8"?>
<testsuite xmlns:xsi="http://www.w3.org/2001/XMLSchema-instance" xsi:noNamespaceSchemaLocation="https://maven.apache.org/surefire/maven-surefire-plugin/xsd/surefire-test-report.xsd" name="com.sankyman.AppTest" time="0.015" tests="1" errors="0" skipped="0" failures="0">
  <properties>
    <property name="java.specification.version" value="17"/>
    <property name="sun.cpu.isalist" value="amd64"/>
    <property name="sun.jnu.encoding" value="Cp1252"/>
    <property name="java.class.path" value="c:\Users\sanka\Programs\myprojects\av1utils\target\test-classes;c:\Users\sanka\Programs\myprojects\av1utils\target\classes;C:\Users\sanka\.m2\repository\junit\junit\4.11\junit-4.11.jar;C:\Users\sanka\.m2\repository\org\hamcrest\hamcrest-core\1.3\hamcrest-core-1.3.jar;"/>
    <property name="java.vm.vendor" value="Eclipse Adoptium"/>
    <property name="sun.arch.data.model" value="64"/>
    <property name="user.variant" value=""/>
    <property name="java.vendor.url" value="https://adoptium.net/"/>
    <property name="user.timezone" value="Asia/Calcutta"/>
    <property name="os.name" value="Windows 11"/>
    <property name="java.vm.specification.version" value="17"/>
    <property name="sun.java.launcher" value="SUN_STANDARD"/>
    <property name="user.country" value="IN"/>
    <property name="sun.boot.library.path" value="C:\Program Files\Eclipse Adoptium\jdk-17.0.6.10-hotspot\bin"/>
    <property name="sun.java.command" value="C:\Users\sanka\AppData\Local\Temp\surefire9706422293848355648\surefirebooter1383266723300385564.jar C:\Users\sanka\AppData\Local\Temp\surefire9706422293848355648 2023-07-16T14-55-27_887-jvmRun1 surefire429094936106846350tmp surefire_04205946256526398093tmp"/>
    <property name="jdk.debug" value="release"/>
    <property name="surefire.test.class.path" value="c:\Users\sanka\Programs\myprojects\av1utils\target\test-classes;c:\Users\sanka\Programs\myprojects\av1utils\target\classes;C:\Users\sanka\.m2\repository\junit\junit\4.11\junit-4.11.jar;C:\Users\sanka\.m2\repository\org\hamcrest\hamcrest-core\1.3\hamcrest-core-1.3.jar;"/>
    <property name="sun.cpu.endian" value="little"/>
    <property name="user.home" value="C:\Users\sanka"/>
    <property name="user.language" value="en"/>
    <property name="java.specification.vendor" value="Oracle Corporation"/>
    <property name="java.version.date" value="2023-01-17"/>
    <property name="java.home" value="C:\Program Files\Eclipse Adoptium\jdk-17.0.6.10-hotspot"/>
    <property name="file.separator" value="\"/>
    <property name="basedir" value="c:\Users\sanka\Programs\myprojects\av1utils"/>
    <property name="java.vm.compressedOopsMode" value="Zero based"/>
    <property name="line.separator" value="&#10;"/>
    <property name="java.vm.specification.vendor" value="Oracle Corporation"/>
    <property name="java.specification.name" value="Java Platform API Specification"/>
    <property name="surefire.real.class.path" value="C:\Users\sanka\AppData\Local\Temp\surefire9706422293848355648\surefirebooter1383266723300385564.jar"/>
    <property name="user.script" value=""/>
    <property name="sun.management.compiler" value="HotSpot 64-Bit Tiered Compilers"/>
    <property name="java.runtime.version" value="17.0.6+10"/>
    <property name="user.name" value="sanka"/>
    <property name="path.separator" value=";"/>
    <property name="os.version" value="10.0"/>
    <property name="java.runtime.name" value="OpenJDK Runtime Environment"/>
    <property name="file.encoding" value="Cp1252"/>
    <property name="java.vm.name" value="OpenJDK 64-Bit Server VM"/>
    <property name="java.vendor.version" value="Temurin-17.0.6+10"/>
    <property name="localRepository" value="C:\Users\sanka\.m2\repository"/>
    <property name="java.vendor.url.bug" value="https://github.com/adoptium/adoptium-support/issues"/>
    <property name="java.io.tmpdir" value="C:\Users\sanka\AppData\Local\Temp\"/>
    <property name="java.version" value="17.0.6"/>
    <property name="user.dir" value="c:\Users\sanka\Programs\myprojects\av1utils"/>
    <property name="os.arch" value="amd64"/>
    <property name="java.vm.specification.name" value="Java Virtual Machine Specification"/>
    <property name="sun.os.patch.level" value=""/>
    <property name="native.encoding" value="Cp1252"/>
    <property name="java.library.path" value="C:\Program Files\Eclipse Adoptium\jdk-17.0.6.10-hotspot\bin;C:\Windows\Sun\Java\bin;C:\Windows\system32;C:\Windows;c:\program files\eclipse adoptium\jdk-17.0.6.10-hotspot\bin;c:\program files\common files\oracle\java\javapath;c:\program files\imagemagick-7.1.0-q16-hdri;c:\windows\system32;c:\windows;c:\windows\system32\wbem;c:\windows\system32\windowspowershell\v1.0\;c:\windows\system32\openssh\;c:\program files\dotnet\;c:\program files\git\cmd;c:\program files\nvidia corporation\nvidia nvdlisr;;;C:\Program Files (x86)\NVIDIA Corporation\PhysX\Common;C:\Users\sanka\AppData\Local\Programs\Python\Python310\Scripts\;C:\Users\sanka\AppData\Local\Programs\Python\Python310\;C:\Users\sanka\AppData\Local\Microsoft\WindowsApps;C:\Users\sanka\Downloads\ffmpeg-master-latest-win64-lgpl-jul15-2023\ffmpeg-master-latest-win64-lgpl\bin;C:\Users\sanka\Downloads\ffmpeg-n6.0-11-g3980415627-win64-lgpl-6.0\bin;C:\Users\sanka\Downloads\ffmpeg-master-latest-win64-lgpl-dec29-2022\ffmpeg-master-latest-win64-lgpl\bin;C:\Users\sanka\Downloads\NVEncC_7.21_x64;C:\Users\sanka\AppData\Local\Programs\Microsoft VS Code\bin;C:\Users\sanka\Downloads\StaxRip-v2.20.0-x64\Apps\Encoders\NVEncC;C:\Users\sanka\Downloads\hashcat-6.2.6;;."/>
    <property name="java.vm.info" value="mixed mode, sharing"/>
    <property name="java.vendor" value="Eclipse Adoptium"/>
    <property name="java.vm.version" value="17.0.6+10"/>
    <property name="sun.io.unicode.encoding" value="UnicodeLittle"/>
    <property name="java.class.version" value="61.0"/>
  </properties>
  <testcase name="shouldAnswerWithTrue" classname="com.sankyman.AppTest" time="0.001"/>
</testsuite>